<?xml version="1.0" encoding="UTF-8"?>
<!-- Generated by org.testng.reporters.JUnitXMLReporter -->
<testsuite ignored="0" hostname="MT-5CD121JQR6" failures="0" tests="10" name="Default test" time="188.118" errors="0" timestamp="2022-01-18T16:05:08 IST">
  <testcase classname="runner.WebApp" name="HomePage" time="0.352"/>
  <testcase classname="runner.WebApp" name="SignUp" time="0.735"/>
  <testcase classname="runner.WebApp" name="HomepageLogin" time="0.484"/>
  <testcase classname="runner.WebApp" name="AboutPage" time="1.648"/>
  <testcase classname="runner.WebApp" name="ContactPage" time="5.077"/>
  <testcase classname="runner.WebApp" name="OnewayPage" time="11.072"/>
  <testcase classname="runner.WebApp" name="LocalPage" time="15.345"/>
  <testcase classname="runner.WebApp" name="OutstationPage" time="27.643"/>
  <testcase classname="runner.WebApp" name="AirportPage" time="22.65"/>
  <testcase classname="runner.WebApp" name="CorporatePage" time="9.892"/>
</testsuite> <!-- Default test -->
