<?xml version="1.0" encoding="UTF-8"?>
<!-- Generated by org.testng.reporters.JUnitXMLReporter -->
<testsuite ignored="10" hostname="MT-5CD121JQR6" failures="0" tests="1" name="Default test" time="13.955" errors="0" timestamp="2022-01-21T11:18:21 IST">
  <testcase classname="runner.WebApp" name="HomepageLogout" time="0.807"/>
  <testcase classname="runner.WebApp" name="AirportPage" time="0.0">
    <ignored/>
  </testcase> <!-- AirportPage -->
  <testcase classname="runner.WebApp" name="OnewayPage" time="0.0">
    <ignored/>
  </testcase> <!-- OnewayPage -->
  <testcase classname="runner.WebApp" name="AboutPage" time="0.0">
    <ignored/>
  </testcase> <!-- AboutPage -->
  <testcase classname="runner.WebApp" name="OutstationPage" time="0.0">
    <ignored/>
  </testcase> <!-- OutstationPage -->
  <testcase classname="runner.WebApp" name="HomepageLogin" time="0.0">
    <ignored/>
  </testcase> <!-- HomepageLogin -->
  <testcase classname="runner.WebApp" name="ContactPage" time="0.0">
    <ignored/>
  </testcase> <!-- ContactPage -->
  <testcase classname="runner.WebApp" name="LocalPage" time="0.0">
    <ignored/>
  </testcase> <!-- LocalPage -->
  <testcase classname="runner.WebApp" name="HomePage" time="0.0">
    <ignored/>
  </testcase> <!-- HomePage -->
  <testcase classname="runner.WebApp" name="SignUp" time="0.0">
    <ignored/>
  </testcase> <!-- SignUp -->
  <testcase classname="runner.WebApp" name="CorporatePage" time="0.0">
    <ignored/>
  </testcase> <!-- CorporatePage -->
</testsuite> <!-- Default test -->
