<?xml version="1.0" encoding="UTF-8"?>
<testng-results ignored="10" total="11" passed="1" failed="0" skipped="0">
  <reporter-output>
  </reporter-output>
  <suite started-at="2022-01-21T11:18:07 IST" name="Default suite" finished-at="2022-01-21T11:18:21 IST" duration-ms="13955">
    <groups>
    </groups>
    <test started-at="2022-01-21T11:18:07 IST" name="Default test" finished-at="2022-01-21T11:18:21 IST" duration-ms="13955">
      <class name="runner.WebApp">
        <test-method is-config="true" signature="Before()[pri:0, instance:runner.WebApp@4716be8b]" started-at="2022-01-21T11:18:07 IST" name="Before" finished-at="2022-01-21T11:18:19 IST" duration-ms="12630" status="PASS">
          <reporter-output>
          </reporter-output>
        </test-method> <!-- Before -->
        <test-method signature="HomepageLogout()[pri:11, instance:runner.WebApp@4716be8b]" started-at="2022-01-21T11:18:19 IST" name="HomepageLogout" finished-at="2022-01-21T11:18:20 IST" duration-ms="807" status="PASS">
          <reporter-output>
          </reporter-output>
        </test-method> <!-- HomepageLogout -->
        <test-method is-config="true" signature="After()[pri:0, instance:runner.WebApp@4716be8b]" started-at="2022-01-21T11:18:20 IST" name="After" finished-at="2022-01-21T11:18:21 IST" duration-ms="468" status="PASS">
          <reporter-output>
          </reporter-output>
        </test-method> <!-- After -->
        <test-method is-config="true" signature="flush()[pri:0, instance:runner.WebApp@4716be8b]" started-at="2022-01-21T11:18:21 IST" name="flush" finished-at="2022-01-21T11:18:21 IST" duration-ms="464" status="PASS">
          <reporter-output>
          </reporter-output>
        </test-method> <!-- flush -->
      </class> <!-- runner.WebApp -->
    </test> <!-- Default test -->
  </suite> <!-- Default suite -->
</testng-results>
